Determining if the include file pthread.h exists failed with the following output:
Change Dir: C:/MinGW/msys/1.0/home/Makayla/glfw-3.2.1/build/CMakeFiles/CMakeTmp

Run Build Command:"C:/MinGW/msys/1.0/bin/make.exe" "cmTC_05ef6/fast"
/usr/bin/make -f CMakeFiles/cmTC_05ef6.dir/build.make CMakeFiles/cmTC_05ef6.dir/build
make[1]: Entering directory `/usr/home/Makayla/glfw-3.2.1/build/CMakeFiles/CMakeTmp'
Building C object CMakeFiles/cmTC_05ef6.dir/CheckIncludeFile.c.obj
/C/MinGW/bin/gcc.exe    -o CMakeFiles/cmTC_05ef6.dir/CheckIncludeFile.c.obj   -c /C/MinGW/msys/1.0/home/Makayla/glfw-3.2.1/build/CMakeFiles/CMakeTmp/CheckIncludeFile.c
c:/MinGW/msys/1.0/home/Makayla/glfw-3.2.1/build/CMakeFiles/CMakeTmp/CheckIncludeFile.c:1:21: fatal error: pthread.h: No such file or directory
 #include <pthread.h>
                     ^
compilation terminated.
make[1]: *** [CMakeFiles/cmTC_05ef6.dir/CheckIncludeFile.c.obj] Error 1
make[1]: Leaving directory `/usr/home/Makayla/glfw-3.2.1/build/CMakeFiles/CMakeTmp'
make: *** [cmTC_05ef6/fast] Error 2


Determining if the include file dinput.h exists failed with the following output:
Change Dir: C:/MinGW/msys/1.0/home/Makayla/glfw-3.2.1/build/CMakeFiles/CMakeTmp

Run Build Command:"C:/MinGW/msys/1.0/bin/make.exe" "cmTC_ca8c0/fast"
/usr/bin/make -f CMakeFiles/cmTC_ca8c0.dir/build.make CMakeFiles/cmTC_ca8c0.dir/build
make[1]: Entering directory `/usr/home/Makayla/glfw-3.2.1/build/CMakeFiles/CMakeTmp'
Building C object CMakeFiles/cmTC_ca8c0.dir/CheckIncludeFile.c.obj
/C/MinGW/bin/gcc.exe    -o CMakeFiles/cmTC_ca8c0.dir/CheckIncludeFile.c.obj   -c /C/MinGW/msys/1.0/home/Makayla/glfw-3.2.1/build/CMakeFiles/CMakeTmp/CheckIncludeFile.c
c:/MinGW/msys/1.0/home/Makayla/glfw-3.2.1/build/CMakeFiles/CMakeTmp/CheckIncludeFile.c:1:20: fatal error: dinput.h: No such file or directory
 #include <dinput.h>
                    ^
compilation terminated.
make[1]: *** [CMakeFiles/cmTC_ca8c0.dir/CheckIncludeFile.c.obj] Error 1
make[1]: Leaving directory `/usr/home/Makayla/glfw-3.2.1/build/CMakeFiles/CMakeTmp'
make: *** [cmTC_ca8c0/fast] Error 2


Determining if the include file xinput.h exists failed with the following output:
Change Dir: C:/MinGW/msys/1.0/home/Makayla/glfw-3.2.1/build/CMakeFiles/CMakeTmp

Run Build Command:"C:/MinGW/msys/1.0/bin/make.exe" "cmTC_6f74f/fast"
/usr/bin/make -f CMakeFiles/cmTC_6f74f.dir/build.make CMakeFiles/cmTC_6f74f.dir/build
make[1]: Entering directory `/usr/home/Makayla/glfw-3.2.1/build/CMakeFiles/CMakeTmp'
Building C object CMakeFiles/cmTC_6f74f.dir/CheckIncludeFile.c.obj
/C/MinGW/bin/gcc.exe    -o CMakeFiles/cmTC_6f74f.dir/CheckIncludeFile.c.obj   -c /C/MinGW/msys/1.0/home/Makayla/glfw-3.2.1/build/CMakeFiles/CMakeTmp/CheckIncludeFile.c
c:/MinGW/msys/1.0/home/Makayla/glfw-3.2.1/build/CMakeFiles/CMakeTmp/CheckIncludeFile.c:1:20: fatal error: xinput.h: No such file or directory
 #include <xinput.h>
                    ^
compilation terminated.
make[1]: *** [CMakeFiles/cmTC_6f74f.dir/CheckIncludeFile.c.obj] Error 1
make[1]: Leaving directory `/usr/home/Makayla/glfw-3.2.1/build/CMakeFiles/CMakeTmp'
make: *** [cmTC_6f74f/fast] Error 2


Performing C SOURCE FILE Test _GLFW_HAS_64ASLR failed with the following output:
Change Dir: C:/MinGW/msys/1.0/home/Makayla/glfw-3.2.1/build/CMakeFiles/CMakeTmp

Run Build Command:"C:/MinGW/msys/1.0/bin/make.exe" "cmTC_a21ba/fast"
/usr/bin/make -f CMakeFiles/cmTC_a21ba.dir/build.make CMakeFiles/cmTC_a21ba.dir/build
make[1]: Entering directory `/usr/home/Makayla/glfw-3.2.1/build/CMakeFiles/CMakeTmp'
Building C object CMakeFiles/cmTC_a21ba.dir/src.c.obj
/C/MinGW/bin/gcc.exe   -D_GLFW_HAS_64ASLR -Wl,--high-entropy-va   -o CMakeFiles/cmTC_a21ba.dir/src.c.obj   -c /C/MinGW/msys/1.0/home/Makayla/glfw-3.2.1/build/CMakeFiles/CMakeTmp/src.c
Linking C executable cmTC_a21ba.exe
"/C/Program Files/CMake/bin/cmake.exe" -E remove -f CMakeFiles/cmTC_a21ba.dir/objects.a
/C/MinGW/bin/ar.exe cr CMakeFiles/cmTC_a21ba.dir/objects.a @CMakeFiles/cmTC_a21ba.dir/objects1.rsp
/C/MinGW/bin/gcc.exe  -D_GLFW_HAS_64ASLR -Wl,--high-entropy-va    -Wl,--whole-archive CMakeFiles/cmTC_a21ba.dir/objects.a -Wl,--no-whole-archive  -o cmTC_a21ba.exe -Wl,--out-implib,libcmTC_a21ba.dll.a -Wl,--major-image-version,0,--minor-image-version,0 @CMakeFiles/cmTC_a21ba.dir/linklibs.rsp
c:/mingw/bin/../lib/gcc/mingw32/6.3.0/../../../../mingw32/bin/ld.exe: unrecognized option '--high-entropy-va'
c:/mingw/bin/../lib/gcc/mingw32/6.3.0/../../../../mingw32/bin/ld.exe: use the --help option for usage information
collect2.exe: error: ld returned 1 exit status
make[1]: *** [cmTC_a21ba.exe] Error 1
make[1]: Leaving directory `/usr/home/Makayla/glfw-3.2.1/build/CMakeFiles/CMakeTmp'
make: *** [cmTC_a21ba/fast] Error 2

Source file was:
int main(void) { return 0; }
